<?xml version="1.0" encoding="UTF-8"?>
<!-- Generated by org.testng.reporters.JUnitXMLReporter -->
<testsuite ignored="0" hostname="Administrator" failures="0" tests="5" name="Default test" time="9.883" errors="0" timestamp="2021-04-18T21:47:07 IST">
  <testcase classname="Scripts.Thoughtwork" name="createuser_Postive" time="4.976"/>
  <testcase classname="Scripts.Thoughtwork" name="deleteuser_Postive" time="1.35"/>
  <testcase classname="Scripts.Thoughtwork" name="login_Positive" time="0.785"/>
  <testcase classname="Scripts.Thoughtwork" name="registerUser_Positive" time="0.708"/>
  <testcase classname="Scripts.Thoughtwork" name="userList_Postive" time="0.84"/>
</testsuite> <!-- Default test -->
