<?xml version="1.0" encoding="UTF-8"?>
<testng-results ignored="0" total="5" passed="5" failed="0" skipped="0">
  <reporter-output>
  </reporter-output>
  <suite started-at="2021-04-18T22:13:33 IST" name="Suite" finished-at="2021-04-18T22:13:41 IST" duration-ms="7986">
    <groups>
    </groups>
    <test started-at="2021-04-18T22:13:33 IST" name="Test" finished-at="2021-04-18T22:13:41 IST" duration-ms="7986">
      <class name="Scripts.Thoughtwork">
        <test-method is-config="true" signature="beforeClass()[pri:0, instance:Scripts.Thoughtwork@5bfa9431]" started-at="2021-04-18T22:13:33 IST" name="beforeClass" finished-at="2021-04-18T22:13:34 IST" duration-ms="1066" status="PASS">
          <reporter-output>
          </reporter-output>
        </test-method> <!-- beforeClass -->
        <test-method signature="createuser_Postive()[pri:0, instance:Scripts.Thoughtwork@5bfa9431]" started-at="2021-04-18T22:13:34 IST" name="createuser_Postive" finished-at="2021-04-18T22:13:38 IST" duration-ms="4042" status="PASS">
          <reporter-output>
          </reporter-output>
        </test-method> <!-- createuser_Postive -->
        <test-method signature="deleteuser_Postive()[pri:0, instance:Scripts.Thoughtwork@5bfa9431]" started-at="2021-04-18T22:13:38 IST" name="deleteuser_Postive" finished-at="2021-04-18T22:13:39 IST" duration-ms="850" status="PASS">
          <reporter-output>
          </reporter-output>
        </test-method> <!-- deleteuser_Postive -->
        <test-method signature="login_Positive()[pri:0, instance:Scripts.Thoughtwork@5bfa9431]" started-at="2021-04-18T22:13:39 IST" name="login_Positive" finished-at="2021-04-18T22:13:40 IST" duration-ms="763" status="PASS">
          <reporter-output>
          </reporter-output>
        </test-method> <!-- login_Positive -->
        <test-method signature="registerUser_Positive()[pri:0, instance:Scripts.Thoughtwork@5bfa9431]" started-at="2021-04-18T22:13:40 IST" name="registerUser_Positive" finished-at="2021-04-18T22:13:40 IST" duration-ms="789" status="PASS">
          <reporter-output>
          </reporter-output>
        </test-method> <!-- registerUser_Positive -->
        <test-method signature="userList_Postive()[pri:0, instance:Scripts.Thoughtwork@5bfa9431]" started-at="2021-04-18T22:13:40 IST" name="userList_Postive" finished-at="2021-04-18T22:13:41 IST" duration-ms="416" status="PASS">
          <reporter-output>
          </reporter-output>
        </test-method> <!-- userList_Postive -->
      </class> <!-- Scripts.Thoughtwork -->
    </test> <!-- Test -->
  </suite> <!-- Suite -->
</testng-results>
