<?xml version="1.0" encoding="UTF-8"?>
<!-- Generated by org.testng.reporters.JUnitXMLReporter -->
<testsuite ignored="0" hostname="Administrator" failures="0" tests="5" name="Test" time="7.986" errors="0" timestamp="2021-04-18T22:13:41 IST">
  <testcase classname="Scripts.Thoughtwork" name="createuser_Postive" time="4.042"/>
  <testcase classname="Scripts.Thoughtwork" name="deleteuser_Postive" time="0.85"/>
  <testcase classname="Scripts.Thoughtwork" name="login_Positive" time="0.763"/>
  <testcase classname="Scripts.Thoughtwork" name="registerUser_Positive" time="0.789"/>
  <testcase classname="Scripts.Thoughtwork" name="userList_Postive" time="0.416"/>
</testsuite> <!-- Test -->
