<?xml version="1.0" encoding="UTF-8"?>
<!-- Generated by org.testng.reporters.JUnitXMLReporter -->
<testsuite ignored="0" hostname="Administrator" failures="0" tests="12" name="Test" time="12.234" errors="0" timestamp="2021-04-18T23:25:20 IST">
  <testcase classname="Scripts.Thoughtwork" name="createuser_Postive" time="3.479"/>
  <testcase classname="Scripts.Thoughtwork" name="deleteuser_Postive" time="0.793"/>
  <testcase classname="Scripts.Thoughtwork" name="loginWithoutPassword_Negative" time="0.745"/>
  <testcase classname="Scripts.Thoughtwork" name="loginWithoutUsername_Negative" time="0.761"/>
  <testcase classname="Scripts.Thoughtwork" name="loginWithwrongUsername_Negative" time="0.78"/>
  <testcase classname="Scripts.Thoughtwork" name="login_Positive" time="0.717"/>
  <testcase classname="Scripts.Thoughtwork" name="registerUserEmailMissing_Negative" time="0.719"/>
  <testcase classname="Scripts.Thoughtwork" name="registerUserNoBody_Negative" time="0.673"/>
  <testcase classname="Scripts.Thoughtwork" name="registerUserPasswordMissing_Negative" time="0.701"/>
  <testcase classname="Scripts.Thoughtwork" name="registerUserWrongEmail_Negative" time="0.697"/>
  <testcase classname="Scripts.Thoughtwork" name="registerUser_Positive" time="0.721"/>
  <testcase classname="Scripts.Thoughtwork" name="userList_Postive" time="0.394"/>
</testsuite> <!-- Test -->
